<?xml version="1.0" encoding="UTF-8"?>
<testsuite name="d5700.instructions.ReadInstructionTest" tests="2" skipped="0" failures="0" errors="0" timestamp="2026-07-31T04:22:04.792Z" hostname="APC" time="0.001">
  <properties/>
  <testcase name="reads from RAM when M is false()" classname="d5700.instructions.ReadInstructionTest" time="0.001"/>
  <testcase name="reads from ROM when M is true()" classname="d5700.instructions.ReadInstructionTest" time="0.0"/>
  <system-out><![CDATA[]]></system-out>
  <system-err><![CDATA[]]></system-err>
</testsuite>
