<?xml version="1.0" encoding="UTF-8"?>
<testsuite name="d5700.memory.ROMTest" tests="7" skipped="0" failures="0" errors="0" timestamp="2026-07-31T04:22:04.808Z" hostname="APC" time="0.004">
  <properties/>
  <testcase name="load zero-fills the remainder of the chip()" classname="d5700.memory.ROMTest" time="0.0"/>
  <testcase name="is 4kb by default()" classname="d5700.memory.ROMTest" time="0.001"/>
  <testcase name="load copies bytes starting at address 0()" classname="d5700.memory.ROMTest" time="0.0"/>
  <testcase name="writing to a writable ROM chip succeeds()" classname="d5700.memory.ROMTest" time="0.0"/>
  <testcase name="reading out of bounds throws()" classname="d5700.memory.ROMTest" time="0.001"/>
  <testcase name="writing to a non-writable ROM throws and does not change the value()" classname="d5700.memory.ROMTest" time="0.001"/>
  <testcase name="loading a program larger than the chip throws()" classname="d5700.memory.ROMTest" time="0.001"/>
  <system-out><![CDATA[]]></system-out>
  <system-err><![CDATA[]]></system-err>
</testsuite>
