<?xml version="1.0" encoding="UTF-8"?>
<testsuite name="d5700.CPUTest" tests="6" skipped="0" failures="0" errors="0" timestamp="2026-07-31T04:22:04.135Z" hostname="APC" time="0.03">
  <properties/>
  <testcase name="a full program runs multiple steps until it halts()" classname="d5700.CPUTest" time="0.015"/>
  <testcase name="step halts when P runs past the end of ROM()" classname="d5700.CPUTest" time="0.001"/>
  <testcase name="step executes an instruction and advances P()" classname="d5700.CPUTest" time="0.001"/>
  <testcase name="step halts on the 0000 instruction()" classname="d5700.CPUTest" time="0.0"/>
  <testcase name="activeMemory is ROM when M is true()" classname="d5700.CPUTest" time="0.001"/>
  <testcase name="activeMemory is RAM when M is false()" classname="d5700.CPUTest" time="0.0"/>
  <system-out><![CDATA[]]></system-out>
  <system-err><![CDATA[]]></system-err>
</testsuite>
