<?xml version="1.0" encoding="UTF-8"?>
<testsuite name="d5700.instructions.SetTInstructionTest" tests="2" skipped="0" failures="0" errors="0" timestamp="2026-07-31T04:22:04.797Z" hostname="APC" time="0.0">
  <properties/>
  <testcase name="matches the spec's B0A0 example (sets T to 0x0A)()" classname="d5700.instructions.SetTInstructionTest" time="0.0"/>
  <testcase name="sets the T register to the literal byte()" classname="d5700.instructions.SetTInstructionTest" time="0.0"/>
  <system-out><![CDATA[]]></system-out>
  <system-err><![CDATA[]]></system-err>
</testsuite>
