<?xml version="1.0" encoding="UTF-8"?>
<testsuite name="d5700.instructions.SwitchMemoryInstructionTest" tests="2" skipped="0" failures="0" errors="0" timestamp="2026-07-31T04:22:04.802Z" hostname="APC" time="0.001">
  <properties/>
  <testcase name="toggles M from false to true()" classname="d5700.instructions.SwitchMemoryInstructionTest" time="0.0"/>
  <testcase name="toggles M back from true to false()" classname="d5700.instructions.SwitchMemoryInstructionTest" time="0.001"/>
  <system-out><![CDATA[]]></system-out>
  <system-err><![CDATA[]]></system-err>
</testsuite>
