<?xml version="1.0" encoding="UTF-8"?>
<testsuite name="d5700.memory.RAMTest" tests="6" skipped="0" failures="0" errors="0" timestamp="2026-07-31T04:22:04.805Z" hostname="APC" time="0.002">
  <properties/>
  <testcase name="is 4kb by default()" classname="d5700.memory.RAMTest" time="0.0"/>
  <testcase name="write masks values to a single byte()" classname="d5700.memory.RAMTest" time="0.001"/>
  <testcase name="writing out of bounds throws()" classname="d5700.memory.RAMTest" time="0.0"/>
  <testcase name="reading out of bounds throws()" classname="d5700.memory.RAMTest" time="0.001"/>
  <testcase name="write then read returns the same value()" classname="d5700.memory.RAMTest" time="0.0"/>
  <testcase name="reads default to zero()" classname="d5700.memory.RAMTest" time="0.0"/>
  <system-out><![CDATA[]]></system-out>
  <system-err><![CDATA[]]></system-err>
</testsuite>
