<?xml version="1.0" encoding="UTF-8"?>
<testsuite name="d5700.instructions.WriteInstructionTest" tests="3" skipped="0" failures="0" errors="0" timestamp="2026-07-31T04:22:04.803Z" hostname="APC" time="0.001">
  <properties/>
  <testcase name="writing to ROM succeeds on a future writable chip()" classname="d5700.instructions.WriteInstructionTest" time="0.0"/>
  <testcase name="writes a register's value into RAM when M is false()" classname="d5700.instructions.WriteInstructionTest" time="0.001"/>
  <testcase name="attempts to write to ROM when M is true and fails on a read-only chip()" classname="d5700.instructions.WriteInstructionTest" time="0.0"/>
  <system-out><![CDATA[]]></system-out>
  <system-err><![CDATA[]]></system-err>
</testsuite>
