<?xml version="1.0" encoding="UTF-8"?>
<testsuite name="d5700.instructions.JumpInstructionTest" tests="3" skipped="0" failures="0" errors="0" timestamp="2026-07-31T04:22:04.790Z" hostname="APC" time="0.002">
  <properties/>
  <testcase name="does not add the usual +2 on top of the jump target()" classname="d5700.instructions.JumpInstructionTest" time="0.0"/>
  <testcase name="throws when the target address is not divisible by 2()" classname="d5700.instructions.JumpInstructionTest" time="0.0"/>
  <testcase name="sets P to the target address()" classname="d5700.instructions.JumpInstructionTest" time="0.0"/>
  <system-out><![CDATA[]]></system-out>
  <system-err><![CDATA[]]></system-err>
</testsuite>
